[0m00:02:46.244243 [debug] [MainThread]: Sending event: {'category': 'dbt', 'action': 'invocation', 'label': 'start', 'context': [<snowplow_tracker.self_describing_json.SelfDescribingJson object at 0x000001AB2B8D6660>, <snowplow_tracker.self_describing_json.SelfDescribingJson object at 0x000001AB298D9BD0>, <snowplow_tracker.self_describing_json.SelfDescribingJson object at 0x000001AB2C585450>]}


============================== 00:02:46.260496 | 5c9de22f-1f92-4acf-97e8-4a11990e54df ==============================
[0m00:02:46.260496 [info ] [MainThread]: Running with dbt=1.9.8
[0m00:02:46.263017 [debug] [MainThread]: running dbt with arguments {'printer_width': '80', 'indirect_selection': 'eager', 'log_cache_events': 'False', 'write_json': 'True', 'partial_parse': 'True', 'cache_selected_only': 'False', 'profiles_dir': 'C:\\Users\\HP\\.dbt', 'debug': 'False', 'fail_fast': 'False', 'log_path': 'logs', 'warn_error': 'None', 'version_check': 'True', 'use_colors': 'True', 'use_experimental_parser': 'False', 'empty': 'None', 'quiet': 'False', 'no_print': 'None', 'warn_error_options': 'WarnErrorOptions(include=[], exclude=[])', 'invocation_command': 'dbt init', 'introspect': 'True', 'static_parser': 'True', 'target_path': 'None', 'log_format': 'default', 'send_anonymous_usage_stats': 'True'}
[0m00:05:45.790603 [debug] [MainThread]: Starter project path: C:\Users\HP\AppData\Roaming\Python\Python313\site-packages\dbt\include\starter_project
[0m00:05:45.934865 [info ] [MainThread]: 
Your new dbt project "plus360_media" was created!

For more information on how to configure the profiles.yml file,
please consult the dbt documentation here:

  https://docs.getdbt.com/docs/configure-your-profile

One more thing:

Need help? Don't hesitate to reach out to us via GitHub issues or on Slack:

  https://community.getdbt.com/

Happy modeling!

[0m00:05:45.945873 [info ] [MainThread]: Setting up your profile.
[0m00:14:25.545229 [info ] [MainThread]: Profile plus360_media written to C:\Users\HP\.dbt\profiles.yml using target's profile_template.yml and your supplied values. Run 'dbt debug' to validate the connection.
[0m00:14:25.550198 [debug] [MainThread]: Command `dbt init` succeeded at 00:14:25.549779 after 699.98 seconds
[0m00:14:25.551378 [debug] [MainThread]: Sending event: {'category': 'dbt', 'action': 'invocation', 'label': 'end', 'context': [<snowplow_tracker.self_describing_json.SelfDescribingJson object at 0x000001AB2CACB490>, <snowplow_tracker.self_describing_json.SelfDescribingJson object at 0x000001AB2C592C30>, <snowplow_tracker.self_describing_json.SelfDescribingJson object at 0x000001AB2C8B7130>]}
[0m00:14:25.552713 [debug] [MainThread]: Flushing usage events
[0m00:14:26.910671 [debug] [MainThread]: An error was encountered while trying to flush usage events
[0m00:15:03.017224 [debug] [MainThread]: Sending event: {'category': 'dbt', 'action': 'invocation', 'label': 'start', 'context': [<snowplow_tracker.self_describing_json.SelfDescribingJson object at 0x0000017143696660>, <snowplow_tracker.self_describing_json.SelfDescribingJson object at 0x0000017141669BD0>, <snowplow_tracker.self_describing_json.SelfDescribingJson object at 0x0000017144359450>]}


============================== 00:15:03.032327 | 1cbae4f1-5d04-46b7-8566-05241af68f2e ==============================
[0m00:15:03.032327 [info ] [MainThread]: Running with dbt=1.9.8
[0m00:15:03.035114 [debug] [MainThread]: running dbt with arguments {'printer_width': '80', 'indirect_selection': 'eager', 'log_cache_events': 'False', 'write_json': 'True', 'partial_parse': 'True', 'cache_selected_only': 'False', 'profiles_dir': 'C:\\Users\\HP\\.dbt', 'fail_fast': 'False', 'warn_error': 'None', 'log_path': 'logs', 'version_check': 'True', 'debug': 'False', 'use_colors': 'True', 'use_experimental_parser': 'False', 'no_print': 'None', 'quiet': 'False', 'empty': 'None', 'warn_error_options': 'WarnErrorOptions(include=[], exclude=[])', 'static_parser': 'True', 'invocation_command': 'dbt debug', 'introspect': 'True', 'target_path': 'None', 'log_format': 'default', 'send_anonymous_usage_stats': 'True'}
[0m00:15:03.140136 [info ] [MainThread]: dbt version: 1.9.8
[0m00:15:03.144379 [info ] [MainThread]: python version: 3.13.5
[0m00:15:03.147733 [info ] [MainThread]: python path: C:\Program Files\Python313\python.exe
[0m00:15:03.156749 [info ] [MainThread]: os info: Windows-10-10.0.19045-SP0
[0m00:15:03.496985 [info ] [MainThread]: Using profiles dir at C:\Users\HP\.dbt
[0m00:15:03.498967 [info ] [MainThread]: Using profiles.yml file at C:\Users\HP\.dbt\profiles.yml
[0m00:15:03.500950 [info ] [MainThread]: Using dbt_project.yml file at C:\Users\HP\Documents\Plus360 project\dbt_folder\dbt_project.yml
[0m00:15:03.503221 [error] [MainThread]: Encountered an error:
Internal Error
  Profile should not be None if loading profile completed
[0m00:15:03.508073 [debug] [MainThread]: Command `dbt debug` failed at 00:15:03.507274 after 2.01 seconds
[0m00:15:03.510741 [debug] [MainThread]: Sending event: {'category': 'dbt', 'action': 'invocation', 'label': 'end', 'context': [<snowplow_tracker.self_describing_json.SelfDescribingJson object at 0x0000017145A58C30>, <snowplow_tracker.self_describing_json.SelfDescribingJson object at 0x0000017145A528D0>, <snowplow_tracker.self_describing_json.SelfDescribingJson object at 0x00000171448A7130>]}
[0m00:15:03.513592 [debug] [MainThread]: Flushing usage events
[0m00:15:04.527833 [debug] [MainThread]: An error was encountered while trying to flush usage events
